Image saved to raw_images/maharera-order-65a2026.jpg
Article saved to raw_articles/maharera-order-65a2026.md

Article 1:
----------
ID: maharera-order-65a2026
Link: https://www.indialaw.in/blog/real-estate/maharera-order-65a2026/
Title: MahaRERA Order No. 65A/2026: Decommissioning the Legacy Portal and Mandating Migration to MahaCRITI
Image: https://www.indialaw.in/wp-content/uploads/rrw14furyyy-1-1080x647.jpg
Saved image to: raw_images/maharera-order-65a2026.jpg
Saved article to: raw_articles/maharera-order-65a2026.md
Added maharera-order-65a2026 to history.json
Image saved to raw_images/delegation-of-powers-industrial-relations-code-2020.jpg
Article saved to raw_articles/delegation-of-powers-industrial-relations-code-2020.md

Article 2:
----------
ID: delegation-of-powers-industrial-relations-code-2020
Link: https://www.indialaw.in/blog/labour/delegation-of-powers-industrial-relations-code-2020/
Title: Delegation Of Powers Under The Industrial Relations Code, 2020: An Analysis Of The Gazette Notification Dated 8th May, 2026
Image: https://www.indialaw.in/wp-content/uploads/u13zbf4r56a-1080x721.jpg
Saved image to: raw_images/delegation-of-powers-industrial-relations-code-2020.jpg
Saved article to: raw_articles/delegation-of-powers-industrial-relations-code-2020.md
Added delegation-of-powers-industrial-relations-code-2020 to history.json
